0 info it worked if it ends with ok
1 verbose cli [ 'node', '/usr/local/bin/npm', 'install', '-g', 'bower' ]
2 info using npm@2.11.3
3 info using node@v0.12.7
4 verbose install initial load of /usr/local/lib/package.json
5 verbose readDependencies loading dependencies from /usr/local/lib/package.json
6 silly cache add args [ 'bower', null ]
7 verbose cache add spec bower
8 silly cache add parsed spec { raw: 'bower',
8 silly cache add   scope: null,
8 silly cache add   name: null,
8 silly cache add   rawSpec: 'bower',
8 silly cache add   spec: '/Users/viktor/dev/bodos/utils/bower',
8 silly cache add   type: 'local' }
9 silly addLocalTarball shasum (computed) 7e7257eaee801a5cabe942e71079ac27703cb1b7
10 verbose addTmpTarball /Users/viktor/dev/bodos/utils/bower not in flight; adding
11 verbose addTmpTarball validating metadata from /Users/viktor/dev/bodos/utils/bower
12 verbose tar unpack /Users/viktor/dev/bodos/utils/bower
13 verbose tar unpacking to /var/folders/c4/c04n8wcs5rn5__b6vn8jc25jhjh0kn/T/npm-39746-0bcdacd8/unpack-b5b433bda5c2
14 silly gentlyRm /var/folders/c4/c04n8wcs5rn5__b6vn8jc25jhjh0kn/T/npm-39746-0bcdacd8/unpack-b5b433bda5c2 is being purged
15 verbose gentlyRm don't care about contents; nuking /var/folders/c4/c04n8wcs5rn5__b6vn8jc25jhjh0kn/T/npm-39746-0bcdacd8/unpack-b5b433bda5c2
16 silly gunzTarPerm modes [ '755', '644' ]
17 error not a package /Users/viktor/dev/bodos/utils/bower
18 error addLocal Could not install /Users/viktor/dev/bodos/utils/bower
19 verbose stack Error: ENOENT, open '/var/folders/c4/c04n8wcs5rn5__b6vn8jc25jhjh0kn/T/npm-39746-0bcdacd8/unpack-b5b433bda5c2/package.json'
19 verbose stack     at Error (native)
20 verbose cwd /Users/viktor/dev/bodos/utils
21 error Darwin 14.5.0
22 error argv "node" "/usr/local/bin/npm" "install" "-g" "bower"
23 error node v0.12.7
24 error npm  v2.11.3
25 error path /var/folders/c4/c04n8wcs5rn5__b6vn8jc25jhjh0kn/T/npm-39746-0bcdacd8/unpack-b5b433bda5c2/package.json
26 error code ENOENT
27 error errno -2
28 error enoent ENOENT, open '/var/folders/c4/c04n8wcs5rn5__b6vn8jc25jhjh0kn/T/npm-39746-0bcdacd8/unpack-b5b433bda5c2/package.json'
28 error enoent This is most likely not a problem with npm itself
28 error enoent and is related to npm not being able to find a file.
29 verbose exit [ -2, true ]
